<?xml version="1.0" encoding="UTF-8"?>
<!-- Generated by org.testng.reporters.JUnitXMLReporter -->
<testsuite ignored="2" hostname="Medge326" failures="1" tests="1" name="Test" time="0.076" errors="0" timestamp="2022-06-29T23:32:17 GMT+05:30">
  <testcase classname="com.mindtree.runner.Runner" name="@AfterMethod tearDownMethod" time="0.008">
    <failure type="java.lang.NullPointerException" message="Cannot invoke &amp;quot;org.openqa.selenium.TakesScreenshot.getScreenshotAs(org.openqa.selenium.OutputType)&amp;quot; because &amp;quot;driver&amp;quot; is null">
      <![CDATA[java.lang.NullPointerException: Cannot invoke "org.openqa.selenium.TakesScreenshot.getScreenshotAs(org.openqa.selenium.OutputType)" because "driver" is null
at com.mindtree.utilities.HelperClass.captureScreenShot(HelperClass.java:17)
at com.mindtree.runner.Runner.tearDownMethod(Runner.java:62)
at java.base/java.util.ArrayList.forEach(ArrayList.java:1511)
... Removed 30 stack frames]]>
    </failure>
  </testcase> <!-- @AfterMethod tearDownMethod -->
  <testcase classname="com.mindtree.runner.Runner" name="@AfterTest tearDown" time="-1.656525737146E9">
    <skipped/>
  </testcase> <!-- @AfterTest tearDown -->
  <testcase classname="com.mindtree.runner.HomePageTestCase" name="test1" time="0.012">
    <failure type="java.lang.NullPointerException" message="Cannot invoke &amp;quot;com.aventstack.extentreports.ExtentReports.createTest(String, String)&amp;quot; because &amp;quot;this.extent&amp;quot; is null">
      <![CDATA[java.lang.NullPointerException: Cannot invoke "com.aventstack.extentreports.ExtentReports.createTest(String, String)" because "this.extent" is null
at com.mindtree.runner.HomePageTestCase.test1(HomePageTestCase.java:15)
at java.base/java.util.ArrayList.forEach(ArrayList.java:1511)
... Removed 25 stack frames]]>
    </failure>
  </testcase> <!-- test1 -->
  <testcase classname="com.mindtree.runner.Runner" name="@BeforeSuite before" time="0.0">
    <ignored/>
  </testcase> <!-- @BeforeSuite before -->
  <testcase classname="com.mindtree.runner.Runner" name="@AfterTest tearDown" time="0.0">
    <ignored/>
  </testcase> <!-- @AfterTest tearDown -->
</testsuite> <!-- Test -->
