<?xml version="1.0" encoding="UTF-8"?>
<testng-results ignored="0" total="2" passed="2" failed="0" skipped="0">
  <reporter-output>
  </reporter-output>
  <suite started-at="2022-07-04T13:47:21 GMT+05:30" name="Default suite" finished-at="2022-07-04T13:47:40 GMT+05:30" duration-ms="19836">
    <groups>
    </groups>
    <test started-at="2022-07-04T13:47:21 GMT+05:30" name="Default test" finished-at="2022-07-04T13:47:40 GMT+05:30" duration-ms="19836">
      <class name="com.mindtree.runner.Runner">
        <test-method is-config="true" signature="before()[pri:0, instance:com.mindtree.runner.Runner@4da602fc]" started-at="2022-07-04T13:47:20 GMT+05:30" name="before" finished-at="2022-07-04T13:47:21 GMT+05:30" duration-ms="619" status="PASS">
          <reporter-output>
          </reporter-output>
        </test-method> <!-- before -->
        <test-method is-config="true" signature="setUp()[pri:0, instance:com.mindtree.runner.Runner@4da602fc]" started-at="2022-07-04T13:47:21 GMT+05:30" name="setUp" finished-at="2022-07-04T13:47:29 GMT+05:30" duration-ms="8232" status="PASS">
          <reporter-output>
          </reporter-output>
        </test-method> <!-- setUp -->
        <test-method signature="test1()[pri:0, instance:com.mindtree.runner.Runner@4da602fc]" started-at="2022-07-04T13:47:29 GMT+05:30" name="test1" finished-at="2022-07-04T13:47:32 GMT+05:30" duration-ms="3507" status="PASS">
          <reporter-output>
          </reporter-output>
        </test-method> <!-- test1 -->
        <test-method is-config="true" signature="tearDownMethod(org.testng.ITestResult)[pri:0, instance:com.mindtree.runner.Runner@4da602fc]" started-at="2022-07-04T13:47:32 GMT+05:30" name="tearDownMethod" finished-at="2022-07-04T13:47:33 GMT+05:30" duration-ms="694" status="PASS">
          <params>
            <param index="0">
              <value>
                <![CDATA[[TestResult name=test1 status=SUCCESS method=Runner.test1()[pri:0, instance:com.mindtree.runner.Runner@4da602fc] output={null}]]]>
              </value>
            </param>
          </params>
          <reporter-output>
          </reporter-output>
        </test-method> <!-- tearDownMethod -->
        <test-method signature="test2()[pri:0, instance:com.mindtree.runner.Runner@4da602fc]" started-at="2022-07-04T13:47:33 GMT+05:30" name="test2" finished-at="2022-07-04T13:47:40 GMT+05:30" duration-ms="7079" status="PASS">
          <reporter-output>
          </reporter-output>
        </test-method> <!-- test2 -->
        <test-method is-config="true" signature="tearDownMethod(org.testng.ITestResult)[pri:0, instance:com.mindtree.runner.Runner@4da602fc]" started-at="2022-07-04T13:47:40 GMT+05:30" name="tearDownMethod" finished-at="2022-07-04T13:47:40 GMT+05:30" duration-ms="270" status="PASS">
          <params>
            <param index="0">
              <value>
                <![CDATA[[TestResult name=test2 status=SUCCESS method=Runner.test2()[pri:0, instance:com.mindtree.runner.Runner@4da602fc] output={null}]]]>
              </value>
            </param>
          </params>
          <reporter-output>
          </reporter-output>
        </test-method> <!-- tearDownMethod -->
        <test-method is-config="true" signature="tearDown()[pri:0, instance:com.mindtree.runner.Runner@4da602fc]" started-at="2022-07-04T13:47:40 GMT+05:30" name="tearDown" finished-at="2022-07-04T13:47:41 GMT+05:30" duration-ms="270" status="PASS">
          <reporter-output>
          </reporter-output>
        </test-method> <!-- tearDown -->
      </class> <!-- com.mindtree.runner.Runner -->
    </test> <!-- Default test -->
  </suite> <!-- Default suite -->
</testng-results>
